Flow report for dicegame
Wed Dec 11 18:10:27 2019
Quartus II Version 8.0 Build 215 05/29/2008 SJ Full Version


---------------------
; Table of Contents ;
---------------------
  1. Legal Notice
  2. Flow Summary
  3. Flow Settings
  4. Flow Non-Default Global Settings
  5. Flow Elapsed Time
  6. Flow Log



----------------
; Legal Notice ;
----------------
Copyright (C) 1991-2008 Altera Corporation
Your use of Altera Corporation's design tools, logic functions 
and other software and tools, and its AMPP partner logic 
functions, and any output files from any of the foregoing 
(including device programming or simulation files), and any 
associated documentation or information are expressly subject 
to the terms and conditions of the Altera Program License 
Subscription Agreement, Altera MegaCore Function License 
Agreement, or other applicable license agreement, including, 
without limitation, that your use is for the sole purpose of 
programming logic devices manufactured by Altera and sold by 
Altera or its authorized distributors.  Please refer to the 
applicable agreement for further details.



+-------------------------------------------------------------------------------+
; Flow Summary                                                                  ;
+------------------------------------+------------------------------------------+
; Flow Status                        ; Successful - Wed Dec 11 18:10:17 2019    ;
; Quartus II Version                 ; 8.0 Build 215 05/29/2008 SJ Full Version ;
; Revision Name                      ; dicegame                                 ;
; Top-level Entity Name              ; dicegame                                 ;
; Family                             ; Cyclone III                              ;
; Device                             ; EP3C55F484C8                             ;
; Timing Models                      ; Final                                    ;
; Met timing requirements            ; N/A                                      ;
; Total logic elements               ; 288 / 55,856 ( < 1 % )                   ;
;     Total combinational functions  ; 288 / 55,856 ( < 1 % )                   ;
;     Dedicated logic registers      ; 135 / 55,856 ( < 1 % )                   ;
; Total registers                    ; 135                                      ;
; Total pins                         ; 20 / 328 ( 6 % )                         ;
; Total virtual pins                 ; 0                                        ;
; Total memory bits                  ; 0 / 2,396,160 ( 0 % )                    ;
; Embedded Multiplier 9-bit elements ; 0 / 312 ( 0 % )                          ;
; Total PLLs                         ; 0 / 4 ( 0 % )                            ;
+------------------------------------+------------------------------------------+


+-----------------------------------------+
; Flow Settings                           ;
+-------------------+---------------------+
; Option            ; Setting             ;
+-------------------+---------------------+
; Start date & time ; 12/11/2019 18:09:47 ;
; Main task         ; Compilation         ;
; Revision Name     ; dicegame            ;
+-------------------+---------------------+


+-----------------------------------------------------------------------------------------------------------------+
; Flow Non-Default Global Settings                                                                                ;
+------------------------------------+---------------------------------+---------------+-------------+------------+
; Assignment Name                    ; Value                           ; Default Value ; Entity Name ; Section Id ;
+------------------------------------+---------------------------------+---------------+-------------+------------+
; COMPILER_SIGNATURE_ID              ; 216182566165691.157605898701500 ; --            ; --          ; --         ;
; ENABLE_ADVANCED_IO_TIMING          ; On                              ; --            ; --          ; --         ;
; MAX_CORE_JUNCTION_TEMP             ; 85                              ; --            ; --          ; --         ;
; MIN_CORE_JUNCTION_TEMP             ; 0                               ; --            ; --          ; --         ;
; NOMINAL_CORE_SUPPLY_VOLTAGE        ; 1.2V                            ; --            ; --          ; --         ;
; PARTITION_COLOR                    ; 14622752                        ; --            ; --          ; Top        ;
; PARTITION_NETLIST_TYPE             ; SOURCE                          ; --            ; --          ; Top        ;
; USE_GENERATED_PHYSICAL_CONSTRAINTS ; Off                             ; --            ; --          ; eda_palace ;
+------------------------------------+---------------------------------+---------------+-------------+------------+


+-------------------------------------------------------------------------------------------------------------------------------+
; Flow Elapsed Time                                                                                                             ;
+---------------------------+--------------+-------------------------+---------------------+------------------------------------+
; Module Name               ; Elapsed Time ; Average Processors Used ; Peak Virtual Memory ; Total CPU Time (on all processors) ;
+---------------------------+--------------+-------------------------+---------------------+------------------------------------+
; Analysis & Synthesis      ; 00:00:04     ; 1.0                     ; 224 MB              ; 00:00:04                           ;
; Fitter                    ; 00:00:13     ; 1.0                     ; 372 MB              ; 00:00:13                           ;
; Assembler                 ; 00:00:09     ; 1.0                     ; 338 MB              ; 00:00:07                           ;
; TimeQuest Timing Analyzer ; 00:00:07     ; 1.0                     ; 295 MB              ; 00:00:07                           ;
; Total                     ; 00:00:33     ; --                      ; --                  ; 00:00:31                           ;
+---------------------------+--------------+-------------------------+---------------------+------------------------------------+


------------
; Flow Log ;
------------
quartus_map --read_settings_files=on --write_settings_files=off dicegame -c dicegame
quartus_fit --read_settings_files=off --write_settings_files=off dicegame -c dicegame
quartus_asm --read_settings_files=off --write_settings_files=off dicegame -c dicegame
quartus_sta dicegame -c dicegame



